
Showing logs for build [32mcb-kubecd-environment-pr-186-7-jtsbb-1[0m stage [32mfrom-build-pack[0m and container [32mstep-credential-initializer-d45dq[0m
{"level":"warn","ts":1584730164.894518,"logger":"fallback-logger","caller":"logging/config.go:69","msg":"Fetch GitHub commit ID from kodata failed: \"ref: refs/heads/0.8.0-**-support-backwards-incompats\" is not a valid GitHub commit ID"}
{"level":"info","ts":1584730164.8948388,"logger":"fallback-logger","caller":"creds-init/main.go:40","msg":"Credentials initialized."}

Showing logs for build [32mcb-kubecd-environment-pr-186-7-jtsbb-1[0m stage [32mfrom-build-pack[0m and container [32mstep-working-dir-initializer-2zxsh[0m
{"level":"warn","ts":1584730165.8637383,"logger":"fallback-logger","caller":"logging/config.go:69","msg":"Fetch GitHub commit ID from kodata failed: open /var/run/ko/HEAD: no such file or directory"}
{"level":"info","ts":1584730165.864484,"logger":"fallback-logger","caller":"bash/main.go:64","msg":"Successfully executed command \"sh -c mkdir -p /workspace/source\"; output "}

Showing logs for build [32mcb-kubecd-environment-pr-186-7-jtsbb-1[0m stage [32mfrom-build-pack[0m and container [32mstep-place-tools[0m

Showing logs for build [32mcb-kubecd-environment-pr-186-7-jtsbb-1[0m stage [32mfrom-build-pack[0m and container [32mstep-git-source-cb-kubecd-environment-pr-186-7-jtsbb-p2qh7[0m
{"level":"warn","ts":1584730168.9345188,"logger":"fallback-logger","caller":"logging/config.go:69","msg":"Fetch GitHub commit ID from kodata failed: \"ref: refs/heads/0.8.0-**-support-backwards-incompats\" is not a valid GitHub commit ID"}
{"level":"info","ts":1584730169.151038,"logger":"fallback-logger","caller":"git/git.go:103","msg":"Successfully cloned https://github.com/cb-kubecd/environment-pr-186-7-boot-eks-staging.git @ master in path /workspace/source"}

Showing logs for build [32mcb-kubecd-environment-pr-186-7-jtsbb-1[0m stage [32mfrom-build-pack[0m and container [32mstep-git-merge[0m
Using SHAs from PULL_REFS=master:b29db7f264ba111e4e51dfbf3d1d4438301f529a,1:08502adfc040711e4d0079adfa28b3baeebfe0f9
DEBUG: LC_ALL=C JX_LOG_LEVEL=error git fetch origin --unshallow 08502adfc040711e4d0079adfa28b3baeebfe0f9: b29db7f264ba111e4e51dfbf3d1d4438301f529a:
DEBUG: ran git fetch --unshallow origin 08502adfc040711e4d0079adfa28b3baeebfe0f9: b29db7f264ba111e4e51dfbf3d1d4438301f529a: in 
DEBUG: LC_ALL=C JX_LOG_LEVEL=error git branch
DEBUG: LC_ALL=C JX_LOG_LEVEL=error git checkout master
DEBUG: ran git checkout master in 
DEBUG: LC_ALL=C JX_LOG_LEVEL=error git reset --hard b29db7f264ba111e4e51dfbf3d1d4438301f529a
DEBUG: ran git reset --hard b29db7f264ba111e4e51dfbf3d1d4438301f529a in 
DEBUG: JX_LOG_LEVEL=error LC_ALL=C git clean -fd .
DEBUG: ran clean --force -d . in 
DEBUG: JX_LOG_LEVEL=error LC_ALL=C git merge 08502adfc040711e4d0079adfa28b3baeebfe0f9
DEBUG: ran git merge 08502adfc040711e4d0079adfa28b3baeebfe0f9 in 
DEBUG: LC_ALL=C JX_LOG_LEVEL=error git log --format=%H%x1f%an%x1f%ae%x1f%cn%x1f%ce%x1f%s%n%b%x1e b29db7f264ba111e4e51dfbf3d1d4438301f529a..HEAD
Merged SHA 08502adfc040711e4d0079adfa28b3baeebfe0f9 with commit message 'chore: Promote bdd-spring-1584729658 to version 0.0.1' into base branch master

Showing logs for build [32mcb-kubecd-environment-pr-186-7-jtsbb-1[0m stage [32mfrom-build-pack[0m and container [32mstep-build-helm-build[0m
WARNING: No $CHART_REPOSITORY defined so using the default value of: http://jenkins-x-chartmuseum:8080
Adding missing Helm repo: storage.googleapis.com https://storage.googleapis.com/chartmuseum.jenkins-x.io
WARNING: No secrets found on "helm/repos" due: reading the secret "helm/repos" from vault: no secret "helm/repos" not found in vault
Read credentials for https://storage.googleapis.com/chartmuseum.jenkins-x.io from vault helm/repos
Successfully added Helm repository storage.googleapis.com.
Adding missing Helm repo: jenkins-x-chartmuseum http://jenkins-x-chartmuseum:8080
WARNING: No secrets found on "helm/repos" due: reading the secret "helm/repos" from vault: no secret "helm/repos" not found in vault
Read credentials for http://jenkins-x-chartmuseum:8080 from vault helm/repos
Successfully added Helm repository jenkins-x-chartmuseum.
WARNING: No $CHART_REPOSITORY defined so using the default value of: http://jenkins-x-chartmuseum:8080
Adding missing Helm repo: chartmuseum.jenkins-x.io http://chartmuseum.jenkins-x.io
WARNING: No secrets found on "helm/repos" due: reading the secret "helm/repos" from vault: no secret "helm/repos" not found in vault
Read credentials for http://chartmuseum.jenkins-x.io from vault helm/repos
Successfully added Helm repository chartmuseum.jenkins-x.io.
